<?xml version="1.0" encoding="UTF-8"?>
<!-- Generated by org.testng.reporters.JUnitReportReporter -->
<testsuite hostname="SWITY" failures="0" tests="1" name="com.test.classes.Testclass_TP" time="18.693" errors="0" timestamp="2021-06-08T04:32:02 GMT-04:00" skipped="0">
  <testcase classname="com.test.classes.Testclass_TP" name="verifySearchBox" time="18.693"/>
  <system-out/>
</testsuite> <!-- com.test.classes.Testclass_TP -->
