<?xml version="1.0" encoding="UTF-8"?>
<!-- Generated by org.testng.reporters.JUnitReportReporter -->
<testsuite hostname="SWITY" failures="0" tests="1" name="com.test.classes.Testclass_2" time="14.061" errors="0" timestamp="2021-06-08T04:32:02 GMT-04:00" skipped="0">
  <testcase classname="com.test.classes.Testclass_2" name="verifyFacewashPage" time="14.061"/>
  <system-out/>
</testsuite> <!-- com.test.classes.Testclass_2 -->
