<?xml version="1.0" encoding="UTF-8"?>
<!-- Generated by org.testng.reporters.JUnitReportReporter -->
<testsuite hostname="SWITY" failures="0" tests="4" name="com.test.classes1.Acti_TNG" time="47.768" errors="0" timestamp="2021-06-19T11:16:13 EDT" skipped="0">
  <testcase classname="com.test.classes1.Acti_TNG" name="test1" time="13.398"/>
  <system-out/>
  <testcase classname="com.test.classes1.Acti_TNG" name="test2" time="11.417"/>
  <system-out/>
  <testcase classname="com.test.classes1.Acti_TNG" name="test2" time="10.457"/>
  <system-out/>
  <testcase classname="com.test.classes1.Acti_TNG" name="test1" time="12.496"/>
  <system-out/>
</testsuite> <!-- com.test.classes1.Acti_TNG -->
